Using pre-set license

 COMMAND LINE ARGUMENTS:
/Applications/Unity/Hub/Editor/2020.3.5f1/Unity.app/Contents/MacOS/Unity
-adb2
-batchMode
-noUpm
-name
AssetImportWorker0
-projectPath
/Users/togzhan/Desktop/supermarket-level1
-logFile
Logs/AssetImportWorker0.log
-srvPort
56526
Successfully changed project path to: /Users/togzhan/Desktop/supermarket-level1
/Users/togzhan/Desktop/supermarket-level1
Using Asset Import Pipeline V2.
Refreshing native plugins compatible for Editor in 105.26 ms, found 2 plugins.
Preloading 0 native plugins for Editor in 0.00 ms.
Initialize engine version: 2020.3.5f1 (8095aa901b9b)
[Subsystems] Discovering subsystems at path /Applications/Unity/Hub/Editor/2020.3.5f1/Unity.app/Contents/Resources/UnitySubsystems
[Subsystems] Discovering subsystems at path /Users/togzhan/Desktop/supermarket-level1/Assets
GfxDevice: creating device client; threaded=0
2021-04-27 23:22:56.428 Unity[2959:326936] Color LCD preferred device: Intel(R) Iris(TM) Plus Graphics 645 (low power)
2021-04-27 23:22:56.428 Unity[2959:326936] Metal devices available: 1
2021-04-27 23:22:56.428 Unity[2959:326936] 0: Intel(R) Iris(TM) Plus Graphics 645 (low power)
2021-04-27 23:22:56.429 Unity[2959:326936] Using device Intel(R) Iris(TM) Plus Graphics 645 (low power)
Initializing Metal device caps: Intel(R) Iris(TM) Plus Graphics 645
Initialize mono
Mono path[0] = '/Applications/Unity/Hub/Editor/2020.3.5f1/Unity.app/Contents/Managed'
Mono path[1] = '/Applications/Unity/Hub/Editor/2020.3.5f1/Unity.app/Contents/MonoBleedingEdge/lib/mono/unityjit'
Mono config path = '/Applications/Unity/Hub/Editor/2020.3.5f1/Unity.app/Contents/MonoBleedingEdge/etc'
Using monoOptions --debugger-agent=transport=dt_socket,embedding=1,server=y,suspend=n,address=127.0.0.1:56959
Begin MonoManager ReloadAssembly
Registering precompiled unity dll's ...
Register platform support module: /Applications/Unity/Hub/Editor/2020.3.5f1/Unity.app/Contents/PlaybackEngines/MacStandaloneSupport/UnityEditor.OSXStandalone.Extensions.dll
Registered in 0.002307 seconds.
Native extension for OSXStandalone target not found
Refreshing native plugins compatible for Editor in 93.90 ms, found 2 plugins.
Preloading 0 native plugins for Editor in 0.00 ms.
Mono: successfully reloaded assembly
- Completed reload, in  2.364 seconds
Platform modules already initialized, skipping
Registering precompiled user dll's ...
Registered in 0.002298 seconds.
Begin MonoManager ReloadAssembly
Native extension for OSXStandalone target not found
Refreshing native plugins compatible for Editor in 93.45 ms, found 2 plugins.
Preloading 0 native plugins for Editor in 0.00 ms.
Mono: successfully reloaded assembly
- Completed reload, in  1.289 seconds
Platform modules already initialized, skipping
========================================================================
Worker process is ready to serve import requests
Launching external process: /Applications/Unity/Hub/Editor/2020.3.5f1/Unity.app/Contents/Tools/UnityShaderCompiler
Launched and connected shader compiler UnityShaderCompiler after 0.01 seconds
Refreshing native plugins compatible for Editor in 0.94 ms, found 2 plugins.
Preloading 0 native plugins for Editor in 0.00 ms.
Unloading 2103 Unused Serialized files (Serialized files now loaded: 0)
System memory in use before: 161.0 MB.
System memory in use after: 161.0 MB.

Unloading 21 unused Assets to reduce memory usage. Loaded Objects now: 2551.
Total: 2.439654 ms (FindLiveObjects: 0.270183 ms CreateObjectMapping: 0.126215 ms MarkObjects: 1.966744 ms  DeleteObjects: 0.075303 ms)

========================================================================
Received Import Request.
  path: Assets/Sunnyland/artwork/Sprites/Items/cherry/vector-pixel-art-protective-mask-isolated-cartoon-148826982-removebg-preview-2.png
  artifactKey: Guid(bb4a5364d5c0c4b3b8bc9bbec61c1084) Importer(815301076,1909f56bfc062723c751e8b465ee728b)
Start importing Assets/Sunnyland/artwork/Sprites/Items/cherry/vector-pixel-art-protective-mask-isolated-cartoon-148826982-removebg-preview-2.png using Guid(bb4a5364d5c0c4b3b8bc9bbec61c1084) Importer(815301076,1909f56bfc062723c751e8b465ee728b)  -> (artifact id: 'dabed2d1d5ca4062c091b215b40da12b') in 0.352729 seconds
  Import took 0.357706 seconds .

========================================================================
Received Import Request.
  Time since last request: 0.000293 seconds.
  path: Assets/Sunnyland/artwork/Sprites/Items/cherry/vector-pixel-art-protective-mask-isolated-cartoon-148826982-removebg-preview-3.png
  artifactKey: Guid(b242ea8c3bbd84bda9460e9b654229af) Importer(815301076,1909f56bfc062723c751e8b465ee728b)
Start importing Assets/Sunnyland/artwork/Sprites/Items/cherry/vector-pixel-art-protective-mask-isolated-cartoon-148826982-removebg-preview-3.png using Guid(b242ea8c3bbd84bda9460e9b654229af) Importer(815301076,1909f56bfc062723c751e8b465ee728b)  -> (artifact id: '7e3f63ac75aeb876d14db24215b5a876') in 0.034706 seconds
  Import took 0.039392 seconds .

========================================================================
Received Import Request.
  Time since last request: 0.000182 seconds.
  path: Assets/Sunnyland/artwork/Sprites/Items/cherry/vector-pixel-art-protective-mask-isolated-cartoon-148826982-removebg-preview-2.png
  artifactKey: Guid(bb4a5364d5c0c4b3b8bc9bbec61c1084) Importer(815301076,1909f56bfc062723c751e8b465ee728b)
Start importing Assets/Sunnyland/artwork/Sprites/Items/cherry/vector-pixel-art-protective-mask-isolated-cartoon-148826982-removebg-preview-2.png using Guid(bb4a5364d5c0c4b3b8bc9bbec61c1084) Importer(815301076,1909f56bfc062723c751e8b465ee728b)  -> (artifact id: 'dabed2d1d5ca4062c091b215b40da12b') in 0.015888 seconds
  Import took 0.020333 seconds .

========================================================================
Received Import Request.
  Time since last request: 0.000182 seconds.
  path: Assets/Sunnyland/artwork/Sprites/Items/cherry/vector-pixel-art-protective-mask-isolated-cartoon-148826982-removebg-preview-3.png
  artifactKey: Guid(b242ea8c3bbd84bda9460e9b654229af) Importer(815301076,1909f56bfc062723c751e8b465ee728b)
Start importing Assets/Sunnyland/artwork/Sprites/Items/cherry/vector-pixel-art-protective-mask-isolated-cartoon-148826982-removebg-preview-3.png using Guid(b242ea8c3bbd84bda9460e9b654229af) Importer(815301076,1909f56bfc062723c751e8b465ee728b)  -> (artifact id: '7e3f63ac75aeb876d14db24215b5a876') in 0.022746 seconds
  Import took 0.026497 seconds .

========================================================================
Received Import Request.
  Time since last request: 26.872819 seconds.
  path: Assets/Sunnyland/artwork/Sprites/Items/cherry/vector-pixel-art-protective-ma-removebg-preview.png
  artifactKey: Guid(40da858e0749e4ce5b3dc417b3fa9335) Importer(815301076,1909f56bfc062723c751e8b465ee728b)
Start importing Assets/Sunnyland/artwork/Sprites/Items/cherry/vector-pixel-art-protective-ma-removebg-preview.png using Guid(40da858e0749e4ce5b3dc417b3fa9335) Importer(815301076,1909f56bfc062723c751e8b465ee728b)  -> (artifact id: '95c5f6d4cd68a3460748dae490a54b88') in 0.015730 seconds
  Import took 0.020413 seconds .

========================================================================
Received Import Request.
  Time since last request: 0.000218 seconds.
  path: Assets/Sunnyland/artwork/Sprites/Items/cherry/vector-pixel-art-protective-mask-isolated-cartoon-148826982-removebg-preview-2.png
  artifactKey: Guid(bb4a5364d5c0c4b3b8bc9bbec61c1084) Importer(815301076,1909f56bfc062723c751e8b465ee728b)
Start importing Assets/Sunnyland/artwork/Sprites/Items/cherry/vector-pixel-art-protective-mask-isolated-cartoon-148826982-removebg-preview-2.png using Guid(bb4a5364d5c0c4b3b8bc9bbec61c1084) Importer(815301076,1909f56bfc062723c751e8b465ee728b)  -> (artifact id: '02aa9c6e1a1735b886d85d6ad7538cff') in 0.015197 seconds
  Import took 0.018728 seconds .

========================================================================
Received Import Request.
  Time since last request: 0.000260 seconds.
  path: Assets/Sunnyland/artwork/Sprites/Items/cherry/vector-pixel-art-protective-mask-isolated-cartoon-148826982-removebg-preview-3.png
  artifactKey: Guid(b242ea8c3bbd84bda9460e9b654229af) Importer(815301076,1909f56bfc062723c751e8b465ee728b)
Start importing Assets/Sunnyland/artwork/Sprites/Items/cherry/vector-pixel-art-protective-mask-isolated-cartoon-148826982-removebg-preview-3.png using Guid(b242ea8c3bbd84bda9460e9b654229af) Importer(815301076,1909f56bfc062723c751e8b465ee728b)  -> (artifact id: 'ea273f052042dab2bbaa32076a65ec3a') in 0.011805 seconds
  Import took 0.016010 seconds .

========================================================================
Received Prepare
Registering precompiled user dll's ...
Registered in 0.002115 seconds.
Begin MonoManager ReloadAssembly
Native extension for OSXStandalone target not found
Refreshing native plugins compatible for Editor in 1.05 ms, found 2 plugins.
Preloading 0 native plugins for Editor in 0.00 ms.
Mono: successfully reloaded assembly
- Completed reload, in  1.043 seconds
Platform modules already initialized, skipping
Refreshing native plugins compatible for Editor in 1.13 ms, found 2 plugins.
Preloading 0 native plugins for Editor in 0.00 ms.
Unloading 2087 Unused Serialized files (Serialized files now loaded: 0)
System memory in use before: 167.8 MB.
System memory in use after: 167.9 MB.

Unloading 9 unused Assets to reduce memory usage. Loaded Objects now: 2561.
Total: 2.058816 ms (FindLiveObjects: 0.236846 ms CreateObjectMapping: 0.074065 ms MarkObjects: 1.730146 ms  DeleteObjects: 0.016545 ms)

========================================================================
Received Prepare
Registering precompiled user dll's ...
Registered in 0.003354 seconds.
Begin MonoManager ReloadAssembly
Native extension for OSXStandalone target not found
Refreshing native plugins compatible for Editor in 1.21 ms, found 2 plugins.
Preloading 0 native plugins for Editor in 0.00 ms.
Mono: successfully reloaded assembly
- Completed reload, in  1.050 seconds
Platform modules already initialized, skipping
Refreshing native plugins compatible for Editor in 1.23 ms, found 2 plugins.
Preloading 0 native plugins for Editor in 0.00 ms.
Unloading 2087 Unused Serialized files (Serialized files now loaded: 0)
System memory in use before: 168.0 MB.
System memory in use after: 168.1 MB.

Unloading 9 unused Assets to reduce memory usage. Loaded Objects now: 2565.
Total: 2.128500 ms (FindLiveObjects: 0.258369 ms CreateObjectMapping: 0.065351 ms MarkObjects: 1.787988 ms  DeleteObjects: 0.015830 ms)

========================================================================
Received Prepare
Registering precompiled user dll's ...
Registered in 0.002320 seconds.
Begin MonoManager ReloadAssembly
Native extension for OSXStandalone target not found
Refreshing native plugins compatible for Editor in 1.08 ms, found 2 plugins.
Preloading 0 native plugins for Editor in 0.00 ms.
Mono: successfully reloaded assembly
- Completed reload, in  1.110 seconds
Platform modules already initialized, skipping
Refreshing native plugins compatible for Editor in 1.01 ms, found 2 plugins.
Preloading 0 native plugins for Editor in 0.00 ms.
Unloading 2087 Unused Serialized files (Serialized files now loaded: 0)
System memory in use before: 168.2 MB.
System memory in use after: 168.3 MB.

Unloading 9 unused Assets to reduce memory usage. Loaded Objects now: 2569.
Total: 2.343977 ms (FindLiveObjects: 0.284772 ms CreateObjectMapping: 0.068797 ms MarkObjects: 1.975845 ms  DeleteObjects: 0.013782 ms)

========================================================================
Received Import Request.
  Time since last request: 223.947840 seconds.
  path: Assets/Prefabs/Mask.prefab
  artifactKey: Guid(967d07063c2cf401b92616824cf69bd1) Importer(815301076,1909f56bfc062723c751e8b465ee728b)
Start importing Assets/Prefabs/Mask.prefab using Guid(967d07063c2cf401b92616824cf69bd1) Importer(815301076,1909f56bfc062723c751e8b465ee728b) The Animator Controller (Mask) you have used is not valid. Animations will not play
UnityEngine.StackTraceUtility:ExtractStackTrace () (at /Users/bokken/buildslave/unity/build/Runtime/Export/Scripting/StackTrace.cs:37)
UnityEditor.EditorUtility:Internal_InstantiateRemoveAllNonAnimationComponentsSingle (UnityEngine.Object,UnityEngine.Vector3,UnityEngine.Quaternion)
UnityEditor.EditorUtility:InstantiateRemoveAllNonAnimationComponents (UnityEngine.Object,UnityEngine.Vector3,UnityEngine.Quaternion) (at /Users/bokken/buildslave/unity/build/Editor/Mono/EditorUtility.cs:635)
UnityEditor.EditorUtility:InstantiateForAnimatorPreview (UnityEngine.Object) (at /Users/bokken/buildslave/unity/build/Editor/Mono/EditorUtility.cs:601)
UnityEditor.GameObjectInspector/PreviewData:UpdateGameObject (UnityEngine.Object) (at /Users/bokken/buildslave/unity/build/Editor/Mono/Inspector/GameObjectInspector.cs:97)
UnityEditor.GameObjectInspector/PreviewData:.ctor (UnityEngine.Object) (at /Users/bokken/buildslave/unity/build/Editor/Mono/Inspector/GameObjectInspector.cs:91)
UnityEditor.GameObjectInspector:GetPreviewData () (at /Users/bokken/buildslave/unity/build/Editor/Mono/Inspector/GameObjectInspector.cs:623)
UnityEditor.GameObjectInspector:RenderStaticPreview (string,UnityEngine.Object[],int,int) (at /Users/bokken/buildslave/unity/build/Editor/Mono/Inspector/GameObjectInspector.cs:868)
UnityEditor.AssetPreviewUpdater:CreatePreviewForAsset (UnityEngine.Object,UnityEngine.Object[],string) (at /Users/bokken/buildslave/unity/build/Editor/Mono/AssetPreviewUpdater.cs:33)

[/Users/bokken/buildslave/unity/build/Runtime/Export/Scripting/StackTrace.cs line 37]

The Animator Controller (Mask) you have used is not valid. Animations will not play
UnityEngine.StackTraceUtility:ExtractStackTrace () (at /Users/bokken/buildslave/unity/build/Runtime/Export/Scripting/StackTrace.cs:37)
UnityEditor.EditorUtility:InitInstantiatedPreviewRecursive (UnityEngine.GameObject) (at /Users/bokken/buildslave/unity/build/Editor/Mono/EditorUtility.cs:590)
UnityEditor.EditorUtility:InstantiateForAnimatorPreview (UnityEngine.Object) (at /Users/bokken/buildslave/unity/build/Editor/Mono/EditorUtility.cs:604)
UnityEditor.GameObjectInspector/PreviewData:UpdateGameObject (UnityEngine.Object) (at /Users/bokken/buildslave/unity/build/Editor/Mono/Inspector/GameObjectInspector.cs:97)
UnityEditor.GameObjectInspector/PreviewData:.ctor (UnityEngine.Object) (at /Users/bokken/buildslave/unity/build/Editor/Mono/Inspector/GameObjectInspector.cs:91)
UnityEditor.GameObjectInspector:GetPreviewData () (at /Users/bokken/buildslave/unity/build/Editor/Mono/Inspector/GameObjectInspector.cs:623)
UnityEditor.GameObjectInspector:RenderStaticPreview (string,UnityEngine.Object[],int,int) (at /Users/bokken/buildslave/unity/build/Editor/Mono/Inspector/GameObjectInspector.cs:868)
UnityEditor.AssetPreviewUpdater:CreatePreviewForAsset (UnityEngine.Object,UnityEngine.Object[],string) (at /Users/bokken/buildslave/unity/build/Editor/Mono/AssetPreviewUpdater.cs:33)

[/Users/bokken/buildslave/unity/build/Runtime/Export/Scripting/StackTrace.cs line 37]

 -> (artifact id: '610204544ee53ba4dbcdacf49f081f74') in 0.355996 seconds
  Import took 0.360741 seconds .

========================================================================
Received Prepare
Registering precompiled user dll's ...
Registered in 0.002752 seconds.
Begin MonoManager ReloadAssembly
Native extension for OSXStandalone target not found
Refreshing native plugins compatible for Editor in 1.44 ms, found 2 plugins.
Preloading 0 native plugins for Editor in 0.00 ms.
Mono: successfully reloaded assembly
- Completed reload, in  1.046 seconds
Platform modules already initialized, skipping
Refreshing native plugins compatible for Editor in 1.21 ms, found 2 plugins.
Preloading 0 native plugins for Editor in 0.00 ms.
Unloading 2087 Unused Serialized files (Serialized files now loaded: 0)
System memory in use before: 172.9 MB.
System memory in use after: 173.0 MB.

Unloading 9 unused Assets to reduce memory usage. Loaded Objects now: 2577.
Total: 2.851480 ms (FindLiveObjects: 0.369915 ms CreateObjectMapping: 0.122629 ms MarkObjects: 2.334650 ms  DeleteObjects: 0.022185 ms)

========================================================================
Received Prepare
Registering precompiled user dll's ...
Registered in 0.001445 seconds.
Begin MonoManager ReloadAssembly
Native extension for OSXStandalone target not found
Refreshing native plugins compatible for Editor in 1.23 ms, found 2 plugins.
Preloading 0 native plugins for Editor in 0.00 ms.
Mono: successfully reloaded assembly
- Completed reload, in  1.003 seconds
Platform modules already initialized, skipping
Refreshing native plugins compatible for Editor in 1.54 ms, found 2 plugins.
Preloading 0 native plugins for Editor in 0.00 ms.
Unloading 2087 Unused Serialized files (Serialized files now loaded: 0)
System memory in use before: 173.1 MB.
System memory in use after: 173.2 MB.

Unloading 9 unused Assets to reduce memory usage. Loaded Objects now: 2581.
Total: 3.084950 ms (FindLiveObjects: 0.363510 ms CreateObjectMapping: 0.107444 ms MarkObjects: 2.592007 ms  DeleteObjects: 0.020254 ms)

AssetImportWorkerClient::OnTransportError - code=2 error=End of file
